This is XeTeX, Version 3.14159265-2.6-0.999991 (TeX Live 2019) (preloaded format=xelatex 2019.5.18)  24 JUN 2019 12:13
entering extended mode
 restricted \write18 enabled.
 %&-line parsing enabled.
**Libro-Conceptual.tex
(./Libro-Conceptual.tex
LaTeX2e <2018-12-01>
(./krantz.cls
Document Class: krantz 2005/09/16 v1.4f Standard LaTeX document class
(/Users/capitan/Library/TinyTeX/texmf-dist/tex/latex/base/bk11.clo
File: bk11.clo 2018/09/03 v1.4i Standard LaTeX file (size option)
)
\trimheight=\dimen102
\trimwidth=\dimen103
\normaltextheight=\dimen104
\tempa=\dimen105
\tempdimen=\dimen106
\htrim=\dimen107
\vtrimtop=\dimen108
\vtrimbot=\dimen109
\ul@box=\box27
\ur@box=\box28
\ll@box=\box29
\lr@box=\box30
\@cipboxa=\box31
\@cipboxb=\box32
\@ciprulewidth=\dimen110
\c@part=\count80
\c@chapter=\count81
\c@section=\count82
\c@subsection=\count83
\c@subsubsection=\count84
\c@paragraph=\count85
\c@subparagraph=\count86
\secwd=\dimen111
\subsecwd=\dimen112
\subsubsecwd=\dimen113
\c@figure=\count87
\c@table=\count88
\abovecaptionskip=\skip41
\belowcaptionskip=\skip42
\c@numauthors=\count89
\section@toc@skip=\skip43
\SectionTOCWidth=\skip44
\subsection@toc@skip=\skip45
\SubSectionTOCWidth=\skip46
\subsubsection@toc@skip=\skip47
\SubSubSectionTOCWidth=\skip48
\paragraph@toc@skip=\skip49
\ParagraphTOCWidth=\skip50
\subparagraph@toc@skip=\skip51
\@AUonebox=\box33
\@AUtwobox=\box34
\@AUthreebox=\box35
\@AUfourbox=\box36
\@AUaffonebox=\box37
\@AUafftwobox=\box38
\@AUaffthreebox=\box39
\@AUafffourbox=\box40
\@finalAUboxfromone=\box41
\@finalAUboxfromtwo=\box42
\@finalAUboxfromthree=\box43
\@finalAUboxfromfour=\box44
\c@chaptocdepth=\count90
\bibindent=\dimen114
\tempbox=\box45
\nomenwidth=\dimen115
\@tablebox=\box46
\@tabletitlebox=\box47
\@tablewidth=\dimen116
\@tabletitlewidth=\dimen117
\max@tablewidth=\dimen118
\tempbox=\box48
\tempdimen=\dimen119
\tempbox=\box49
\notewidth=\dimen120
\wherebox=\box50
\wherewidth=\dimen121
\listtextleftmargin=\skip52
\listtextleftmarginii=\skip53
\listtextleftmarginiii=\skip54
\listtextrightmargin=\skip55
\listlabelleftskip=\skip56
\listlabelleftskipii=\skip57
\listlabelleftskipiii=\skip58
\abovelistskipi=\skip59
\belowlistskipi=\skip60
\abovelistskipii=\skip61
\belowlistskipii=\skip62
\abovelistskipiii=\skip63
\belowlistskipiii=\skip64
\labelsepi=\skip65
\labelsepii=\skip66
\labelsepiii=\skip67
\itemsepi=\skip68
\itemsepii=\skip69
\itemsepiii=\skip70
\enumdimwd=\dimen122
\enumdim=\dimen123
\concolwidth=\dimen124
\stempbox=\box51
) (/Users/capitan/Library/TinyTeX/texmf-dist/tex/latex/lm/lmodern.sty
Package: lmodern 2009/10/30 v1.6 Latin Modern Fonts
LaTeX Font Info:    Overwriting symbol font `operators' in version `normal'
(Font)                  OT1/cmr/m/n --> OT1/lmr/m/n on input line 22.
LaTeX Font Info:    Overwriting symbol font `letters' in version `normal'
(Font)                  OML/cmm/m/it --> OML/lmm/m/it on input line 23.
LaTeX Font Info:    Overwriting symbol font `symbols' in version `normal'
(Font)                  OMS/cmsy/m/n --> OMS/lmsy/m/n on input line 24.
LaTeX Font Info:    Overwriting symbol font `largesymbols' in version `normal'
(Font)                  OMX/cmex/m/n --> OMX/lmex/m/n on input line 25.
LaTeX Font Info:    Overwriting symbol font `operators' in version `bold'
(Font)                  OT1/cmr/bx/n --> OT1/lmr/bx/n on input line 26.
LaTeX Font Info:    Overwriting symbol font `letters' in version `bold'
(Font)                  OML/cmm/b/it --> OML/lmm/b/it on input line 27.
LaTeX Font Info:    Overwriting symbol font `symbols' in version `bold'
(Font)                  OMS/cmsy/b/n --> OMS/lmsy/b/n on input line 28.
LaTeX Font Info:    Overwriting symbol font `largesymbols' in version `bold'
(Font)                  OMX/cmex/m/n --> OMX/lmex/m/n on input line 29.
LaTeX Font Info:    Overwriting math alphabet `\mathbf' in version `normal'
(Font)                  OT1/cmr/bx/n --> OT1/lmr/bx/n on input line 31.
LaTeX Font Info:    Overwriting math alphabet `\mathsf' in version `normal'
(Font)                  OT1/cmss/m/n --> OT1/lmss/m/n on input line 32.
LaTeX Font Info:    Overwriting math alphabet `\mathit' in version `normal'
(Font)                  OT1/cmr/m/it --> OT1/lmr/m/it on input line 33.
LaTeX Font Info:    Overwriting math alphabet `\mathtt' in version `normal'
(Font)                  OT1/cmtt/m/n --> OT1/lmtt/m/n on input line 34.
LaTeX Font Info:    Overwriting math alphabet `\mathbf' in version `bold'
(Font)                  OT1/cmr/bx/n --> OT1/lmr/bx/n on input line 35.
LaTeX Font Info:    Overwriting math alphabet `\mathsf' in version `bold'
(Font)                  OT1/cmss/bx/n --> OT1/lmss/bx/n on input line 36.
LaTeX Font Info:    Overwriting math alphabet `\mathit' in version `bold'
(Font)                  OT1/cmr/bx/it --> OT1/lmr/bx/it on input line 37.
LaTeX Font Info:    Overwriting math alphabet `\mathtt' in version `bold'
(Font)                  OT1/cmtt/m/n --> OT1/lmtt/m/n on input line 38.
) (/Users/capitan/Library/TinyTeX/texmf-dist/tex/latex/amsfonts/amssymb.sty
Package: amssymb 2013/01/14 v3.01 AMS font symbols
(/Users/capitan/Library/TinyTeX/texmf-dist/tex/latex/amsfonts/amsfonts.sty
Package: amsfonts 2013/01/14 v3.01 Basic AMSFonts support
\@emptytoks=\toks14
\symAMSa=\mathgroup4
\symAMSb=\mathgroup5
LaTeX Font Info:    Overwriting math alphabet `\mathfrak' in version `bold'
(Font)                  U/euf/m/n --> U/euf/b/n on input line 106.
)) (/Users/capitan/Library/TinyTeX/texmf-dist/tex/latex/amsmath/amsmath.sty
Package: amsmath 2018/12/01 v2.17b AMS math features
\@mathmargin=\skip71
For additional information on amsmath, use the `?' option.
(/Users/capitan/Library/TinyTeX/texmf-dist/tex/latex/amsmath/amstext.sty
Package: amstext 2000/06/29 v2.01 AMS text
(/Users/capitan/Library/TinyTeX/texmf-dist/tex/latex/amsmath/amsgen.sty
File: amsgen.sty 1999/11/30 v2.0 generic functions
\@emptytoks=\toks15
\ex@=\dimen125
)) (/Users/capitan/Library/TinyTeX/texmf-dist/tex/latex/amsmath/amsbsy.sty
Package: amsbsy 1999/11/29 v1.2d Bold Symbols
\pmbraise@=\dimen126
) (/Users/capitan/Library/TinyTeX/texmf-dist/tex/latex/amsmath/amsopn.sty
Package: amsopn 2016/03/08 v2.02 operator names
)
\inf@bad=\count91
LaTeX Info: Redefining \frac on input line 223.
\uproot@=\count92
\leftroot@=\count93
LaTeX Info: Redefining \overline on input line 385.
\classnum@=\count94
\DOTSCASE@=\count95
LaTeX Info: Redefining \ldots on input line 482.
LaTeX Info: Redefining \dots on input line 485.
LaTeX Info: Redefining \cdots on input line 606.
\Mathstrutbox@=\box52
\strutbox@=\box53
\big@size=\dimen127
LaTeX Font Info:    Redeclaring font encoding OML on input line 729.
LaTeX Font Info:    Redeclaring font encoding OMS on input line 730.
\macc@depth=\count96
\c@MaxMatrixCols=\count97
\dotsspace@=\muskip10
\c@parentequation=\count98
\dspbrk@lvl=\count99
\tag@help=\toks16
\row@=\count100
\column@=\count101
\maxfields@=\count102
\andhelp@=\toks17
\eqnshift@=\dimen128
\alignsep@=\dimen129
\tagshift@=\dimen130
\tagwidth@=\dimen131
\totwidth@=\dimen132
\lineht@=\dimen133
\@envbody=\toks18
\multlinegap=\skip72
\multlinetaggap=\skip73
\mathdisplay@stack=\toks19
LaTeX Info: Redefining \[ on input line 2844.
LaTeX Info: Redefining \] on input line 2845.
) (/Users/capitan/Library/TinyTeX/texmf-dist/tex/generic/ifxetex/ifxetex.sty
Package: ifxetex 2010/09/12 v0.6 Provides ifxetex conditional
) (/Users/capitan/Library/TinyTeX/texmf-dist/tex/generic/oberdiek/ifluatex.sty
Package: ifluatex 2016/05/16 v1.4 Provides the ifluatex switch (HO)
Package ifluatex Info: LuaTeX not detected.
) (/Users/capitan/Library/TinyTeX/texmf-dist/tex/latex/base/fixltx2e.sty
Package: fixltx2e 2016/12/29 v2.1a fixes to LaTeX (obsolete)
Applying: [2015/01/01] Old fixltx2e package on input line 46.

Package fixltx2e Warning: fixltx2e is not required with releases after 2015
(fixltx2e)                All fixes are now in the LaTeX kernel.
(fixltx2e)                See the latexrelease package for details.

Already applied: [0000/00/00] Old fixltx2e package on input line 53.
) (/Users/capitan/Library/TinyTeX/texmf-dist/tex/xelatex/mathspec/mathspec.sty
Package: mathspec 2016/12/22 v0.2b LaTeX Package (Mathematics font selection fo
r XeLaTeX)
(/Users/capitan/Library/TinyTeX/texmf-dist/tex/latex/etoolbox/etoolbox.sty
Package: etoolbox 2018/08/19 v2.5f e-TeX tools for LaTeX (JAW)
\etb@tempcnta=\count103
) (/Users/capitan/Library/TinyTeX/texmf-dist/tex/latex/fontspec/fontspec.sty
(/Users/capitan/Library/TinyTeX/texmf-dist/tex/latex/l3packages/xparse/xparse.s
ty (/Users/capitan/Library/TinyTeX/texmf-dist/tex/latex/l3kernel/expl3.sty
Package: expl3 2019-05-09 L3 programming layer (loader) 
(/Users/capitan/Library/TinyTeX/texmf-dist/tex/latex/l3kernel/expl3-code.tex
Package: expl3 2019-05-09 L3 programming layer (code)
\c_max_int=\count104
\l_tmpa_int=\count105
\l_tmpb_int=\count106
\g_tmpa_int=\count107
\g_tmpb_int=\count108
\g__kernel_prg_map_int=\count109
\c__ior_term_ior=\count110
\c_log_iow=\count111
\l_iow_line_count_int=\count112
\l__iow_line_target_int=\count113
\l__iow_one_indent_int=\count114
\l__iow_indent_int=\count115
\c_zero_dim=\dimen134
\c_max_dim=\dimen135
\l_tmpa_dim=\dimen136
\l_tmpb_dim=\dimen137
\g_tmpa_dim=\dimen138
\g_tmpb_dim=\dimen139
\c_zero_skip=\skip74
\c_max_skip=\skip75
\l_tmpa_skip=\skip76
\l_tmpb_skip=\skip77
\g_tmpa_skip=\skip78
\g_tmpb_skip=\skip79
\c_zero_muskip=\muskip11
\c_max_muskip=\muskip12
\l_tmpa_muskip=\muskip13
\l_tmpb_muskip=\muskip14
\g_tmpa_muskip=\muskip15
\g_tmpb_muskip=\muskip16
\l_keys_choice_int=\count116
\l__intarray_loop_int=\count117
\c__intarray_sp_dim=\dimen140
\g__intarray_font_int=\count118
\c__fp_leading_shift_int=\count119
\c__fp_middle_shift_int=\count120
\c__fp_trailing_shift_int=\count121
\c__fp_big_leading_shift_int=\count122
\c__fp_big_middle_shift_int=\count123
\c__fp_big_trailing_shift_int=\count124
\c__fp_Bigg_leading_shift_int=\count125
\c__fp_Bigg_middle_shift_int=\count126
\c__fp_Bigg_trailing_shift_int=\count127
\g__fp_array_int=\count128
\l__fp_array_loop_int=\count129
\l__sort_length_int=\count130
\l__sort_min_int=\count131
\l__sort_top_int=\count132
\l__sort_max_int=\count133
\l__sort_true_max_int=\count134
\l__sort_block_int=\count135
\l__sort_begin_int=\count136
\l__sort_end_int=\count137
\l__sort_A_int=\count138
\l__sort_B_int=\count139
\l__sort_C_int=\count140
\l__tl_analysis_normal_int=\count141
\l__tl_analysis_index_int=\count142
\l__tl_analysis_nesting_int=\count143
\l__tl_analysis_type_int=\count144
\l__regex_internal_a_int=\count145
\l__regex_internal_b_int=\count146
\l__regex_internal_c_int=\count147
\l__regex_balance_int=\count148
\l__regex_group_level_int=\count149
\l__regex_mode_int=\count150
\c__regex_cs_in_class_mode_int=\count151
\c__regex_cs_mode_int=\count152
\l__regex_catcodes_int=\count153
\l__regex_default_catcodes_int=\count154
\c__regex_catcode_L_int=\count155
\c__regex_catcode_O_int=\count156
\c__regex_catcode_A_int=\count157
\c__regex_all_catcodes_int=\count158
\l__regex_show_lines_int=\count159
\l__regex_min_state_int=\count160
\l__regex_max_state_int=\count161
\l__regex_left_state_int=\count162
\l__regex_right_state_int=\count163
\l__regex_capturing_group_int=\count164
\l__regex_min_pos_int=\count165
\l__regex_max_pos_int=\count166
\l__regex_curr_pos_int=\count167
\l__regex_start_pos_int=\count168
\l__regex_success_pos_int=\count169
\l__regex_curr_char_int=\count170
\l__regex_curr_catcode_int=\count171
\l__regex_last_char_int=\count172
\l__regex_case_changed_char_int=\count173
\l__regex_curr_state_int=\count174
\l__regex_step_int=\count175
\l__regex_min_active_int=\count176
\l__regex_max_active_int=\count177
\l__regex_replacement_csnames_int=\count178
\l__regex_match_count_int=\count179
\l__regex_min_submatch_int=\count180
\l__regex_submatch_int=\count181
\l__regex_zeroth_submatch_int=\count182
\g__regex_trace_regex_int=\count183
\c_empty_box=\box54
\l_tmpa_box=\box55
\l_tmpb_box=\box56
\g_tmpa_box=\box57
\g_tmpb_box=\box58
\l__box_top_dim=\dimen141
\l__box_bottom_dim=\dimen142
\l__box_left_dim=\dimen143
\l__box_right_dim=\dimen144
\l__box_top_new_dim=\dimen145
\l__box_bottom_new_dim=\dimen146
\l__box_left_new_dim=\dimen147
\l__box_right_new_dim=\dimen148
\l__box_internal_box=\box59
\l__coffin_internal_box=\box60
\l__coffin_internal_dim=\dimen149
\l__coffin_offset_x_dim=\dimen150
\l__coffin_offset_y_dim=\dimen151
\l__coffin_x_dim=\dimen152
\l__coffin_y_dim=\dimen153
\l__coffin_x_prime_dim=\dimen154
\l__coffin_y_prime_dim=\dimen155
\c_empty_coffin=\box61
\l__coffin_aligned_coffin=\box62
\l__coffin_aligned_internal_coffin=\box63
\l_tmpa_coffin=\box64
\l_tmpb_coffin=\box65
\g_tmpa_coffin=\box66
\g_tmpb_coffin=\box67
\l__coffin_bounding_shift_dim=\dimen156
\l__coffin_left_corner_dim=\dimen157
\l__coffin_right_corner_dim=\dimen158
\l__coffin_bottom_corner_dim=\dimen159
\l__coffin_top_corner_dim=\dimen160
\l__coffin_scaled_total_height_dim=\dimen161
\l__coffin_scaled_width_dim=\dimen162
\c__coffin_empty_coffin=\box68
\l__coffin_display_coffin=\box69
\l__coffin_display_coord_coffin=\box70
\l__coffin_display_pole_coffin=\box71
\l__coffin_display_offset_dim=\dimen163
\l__coffin_display_x_dim=\dimen164
\l__coffin_display_y_dim=\dimen165
\g__file_internal_ior=\read1
\l__seq_internal_a_int=\count184
\l__seq_internal_b_int=\count185
\c__deprecation_minus_one=\count186
) (/Users/capitan/Library/TinyTeX/texmf-dist/tex/latex/l3kernel/l3xdvipdfmx.def
File: l3xdvipdfmx.def 2019-04-06 v L3 Experimental driver: xdvipdfmx
\l__driver_internal_box=\box72
\g__driver_graphics_int=\count187
\g__driver_pdf_object_int=\count188
\g__driver_pdf_annotation_int=\count189
))
Package: xparse 2019-05-03 L3 Experimental document command parser
\l__xparse_current_arg_int=\count190
\g__xparse_grabber_int=\count191
\l__xparse_m_args_int=\count192
\l__xparse_v_nesting_int=\count193
)
Package: fontspec 2019/03/15 v2.7c Font selection for XeLaTeX and LuaLaTeX

(/Users/capitan/Library/TinyTeX/texmf-dist/tex/latex/fontspec/fontspec-xetex.st
y
Package: fontspec-xetex 2019/03/15 v2.7c Font selection for XeLaTeX and LuaLaTe
X
\l__fontspec_script_int=\count194
\l__fontspec_language_int=\count195
\l__fontspec_strnum_int=\count196
\l__fontspec_tmp_int=\count197
\l__fontspec_tmpa_int=\count198
\l__fontspec_tmpb_int=\count199
\l__fontspec_tmpc_int=\count266
\l__fontspec_em_int=\count267
\l__fontspec_emdef_int=\count268
\l__fontspec_strong_int=\count269
\l__fontspec_strongdef_int=\count270
\l__fontspec_tmpa_dim=\dimen166
\l__fontspec_tmpb_dim=\dimen167
\l__fontspec_tmpc_dim=\dimen168
(/Users/capitan/Library/TinyTeX/texmf-dist/tex/latex/base/fontenc.sty
Package: fontenc 2018/08/11 v2.0j Standard LaTeX package
(/Users/capitan/Library/TinyTeX/texmf-dist/tex/latex/base/tuenc.def
File: tuenc.def 2018/08/11 v2.0j Standard LaTeX file
LaTeX Font Info:    Redeclaring font encoding TU on input line 82.
)) (/Users/capitan/Library/TinyTeX/texmf-dist/tex/latex/fontspec/fontspec.cfg)
LaTeX Info: Redefining \itshape on input line 4051.
LaTeX Info: Redefining \slshape on input line 4056.
LaTeX Info: Redefining \scshape on input line 4061.
LaTeX Info: Redefining \upshape on input line 4066.
LaTeX Info: Redefining \em on input line 4096.
LaTeX Info: Redefining \emph on input line 4121.
)) (/Users/capitan/Library/TinyTeX/texmf-dist/tex/latex/xkeyval/xkeyval.sty
Package: xkeyval 2014/12/03 v2.7a package option processing (HA)
(/Users/capitan/Library/TinyTeX/texmf-dist/tex/generic/xkeyval/xkeyval.tex (/Us
ers/capitan/Library/TinyTeX/texmf-dist/tex/generic/xkeyval/xkvutils.tex
\XKV@toks=\toks20
\XKV@tempa@toks=\toks21
(/Users/capitan/Library/TinyTeX/texmf-dist/tex/generic/xkeyval/keyval.tex))
\XKV@depth=\count271
File: xkeyval.tex 2014/12/03 v2.7a key=value parser (HA)
))
\c@eu@=\count272
\c@eu@i=\count273
\c@mkern=\count274
)

Package fontspec Info: Palatino scale = 0.9147020725388601.


Package fontspec Info: Palatino scale = 0.9147020725388601.


Package fontspec Info: Palatino/B scale = 0.9147020725388601.


Package fontspec Info: Palatino/I scale = 0.9043929303278689.


Package fontspec Info: Palatino/BI scale = 0.9034672466734903.


Package fontspec Info: Font family 'Palatino(0)' created for font 'Palatino'
(fontspec)             with options
(fontspec)             [Ligatures=TeX,Scale=MatchLowercase,Ligatures=TeX].
(fontspec)              
(fontspec)              This font family consists of the following NFSS
(fontspec)             series/shapes:
(fontspec)              
(fontspec)             - 'normal' (m/n) with NFSS spec.:
(fontspec)             <->s*[0.9147020725388601]"Palatino/OT:mapping=tex-text;"

(fontspec)             - 'small caps'  (m/sc) with NFSS spec.: 
(fontspec)             - 'bold' (bx/n) with NFSS spec.:
(fontspec)             <->s*[0.9147020725388601]"Palatino/B/OT:mapping=tex-text
;"
(fontspec)             - 'bold small caps'  (bx/sc) with NFSS spec.: 
(fontspec)             - 'italic' (m/it) with NFSS spec.:
(fontspec)             <->s*[0.9043929303278689]"Palatino/I/OT:mapping=tex-text
;"
(fontspec)             - 'italic small caps'  (m/itsc) with NFSS spec.: 
(fontspec)             - 'bold italic' (bx/it) with NFSS spec.:
(fontspec)             <->s*[0.9034672466734903]"Palatino/BI/OT:mapping=tex-tex
t;"
(fontspec)             - 'bold italic small caps'  (bx/itsc) with NFSS spec.: 

LaTeX Info: Redefining \rmfamily on input line 17.
LaTeX Font Info:    Font shape `TU/Palatino(0)/m/n' will be
(Font)              scaled to size 10.06174pt on input line 17.
(/Users/capitan/Library/TinyTeX/texmf-dist/tex/latex/upquote/upquote.sty
Package: upquote 2012/04/19 v1.3 upright-quote and grave-accent glyphs in verba
tim
(/Users/capitan/Library/TinyTeX/texmf-dist/tex/latex/base/textcomp.sty
Package: textcomp 2018/08/11 v2.0j Standard LaTeX package
Package textcomp Info: Sub-encoding information:
(textcomp)               5 = only ISO-Adobe without \textcurrency
(textcomp)               4 = 5 + \texteuro
(textcomp)               3 = 4 + \textohm
(textcomp)               2 = 3 + \textestimated + \textcurrency
(textcomp)               1 = TS1 - \textcircled - \t
(textcomp)               0 = TS1 (full)
(textcomp)             Font families with sub-encoding setting implement
(textcomp)             only a restricted character set as indicated.
(textcomp)             Family '?' is the default used for unknown fonts.
(textcomp)             See the documentation for details.
Package textcomp Info: Setting ? sub-encoding to TS1/1 on input line 79.
(/Users/capitan/Library/TinyTeX/texmf-dist/tex/latex/base/ts1enc.def
File: ts1enc.def 2001/06/05 v3.0e (jk/car/fm) Standard LaTeX file
)
LaTeX Info: Redefining \oldstylenums on input line 334.
Package textcomp Info: Setting cmr sub-encoding to TS1/0 on input line 349.
Package textcomp Info: Setting cmss sub-encoding to TS1/0 on input line 350.
Package textcomp Info: Setting cmtt sub-encoding to TS1/0 on input line 351.
Package textcomp Info: Setting cmvtt sub-encoding to TS1/0 on input line 352.
Package textcomp Info: Setting cmbr sub-encoding to TS1/0 on input line 353.
Package textcomp Info: Setting cmtl sub-encoding to TS1/0 on input line 354.
Package textcomp Info: Setting ccr sub-encoding to TS1/0 on input line 355.
Package textcomp Info: Setting ptm sub-encoding to TS1/4 on input line 356.
Package textcomp Info: Setting pcr sub-encoding to TS1/4 on input line 357.
Package textcomp Info: Setting phv sub-encoding to TS1/4 on input line 358.
Package textcomp Info: Setting ppl sub-encoding to TS1/3 on input line 359.
Package textcomp Info: Setting pag sub-encoding to TS1/4 on input line 360.
Package textcomp Info: Setting pbk sub-encoding to TS1/4 on input line 361.
Package textcomp Info: Setting pnc sub-encoding to TS1/4 on input line 362.
Package textcomp Info: Setting pzc sub-encoding to TS1/4 on input line 363.
Package textcomp Info: Setting bch sub-encoding to TS1/4 on input line 364.
Package textcomp Info: Setting put sub-encoding to TS1/5 on input line 365.
Package textcomp Info: Setting uag sub-encoding to TS1/5 on input line 366.
Package textcomp Info: Setting ugq sub-encoding to TS1/5 on input line 367.
Package textcomp Info: Setting ul8 sub-encoding to TS1/4 on input line 368.
Package textcomp Info: Setting ul9 sub-encoding to TS1/4 on input line 369.
Package textcomp Info: Setting augie sub-encoding to TS1/5 on input line 370.
Package textcomp Info: Setting dayrom sub-encoding to TS1/3 on input line 371.
Package textcomp Info: Setting dayroms sub-encoding to TS1/3 on input line 372.

Package textcomp Info: Setting pxr sub-encoding to TS1/0 on input line 373.
Package textcomp Info: Setting pxss sub-encoding to TS1/0 on input line 374.
Package textcomp Info: Setting pxtt sub-encoding to TS1/0 on input line 375.
Package textcomp Info: Setting txr sub-encoding to TS1/0 on input line 376.
Package textcomp Info: Setting txss sub-encoding to TS1/0 on input line 377.
Package textcomp Info: Setting txtt sub-encoding to TS1/0 on input line 378.
Package textcomp Info: Setting lmr sub-encoding to TS1/0 on input line 379.
Package textcomp Info: Setting lmdh sub-encoding to TS1/0 on input line 380.
Package textcomp Info: Setting lmss sub-encoding to TS1/0 on input line 381.
Package textcomp Info: Setting lmssq sub-encoding to TS1/0 on input line 382.
Package textcomp Info: Setting lmvtt sub-encoding to TS1/0 on input line 383.
Package textcomp Info: Setting lmtt sub-encoding to TS1/0 on input line 384.
Package textcomp Info: Setting qhv sub-encoding to TS1/0 on input line 385.
Package textcomp Info: Setting qag sub-encoding to TS1/0 on input line 386.
Package textcomp Info: Setting qbk sub-encoding to TS1/0 on input line 387.
Package textcomp Info: Setting qcr sub-encoding to TS1/0 on input line 388.
Package textcomp Info: Setting qcs sub-encoding to TS1/0 on input line 389.
Package textcomp Info: Setting qpl sub-encoding to TS1/0 on input line 390.
Package textcomp Info: Setting qtm sub-encoding to TS1/0 on input line 391.
Package textcomp Info: Setting qzc sub-encoding to TS1/0 on input line 392.
Package textcomp Info: Setting qhvc sub-encoding to TS1/0 on input line 393.
Package textcomp Info: Setting futs sub-encoding to TS1/4 on input line 394.
Package textcomp Info: Setting futx sub-encoding to TS1/4 on input line 395.
Package textcomp Info: Setting futj sub-encoding to TS1/4 on input line 396.
Package textcomp Info: Setting hlh sub-encoding to TS1/3 on input line 397.
Package textcomp Info: Setting hls sub-encoding to TS1/3 on input line 398.
Package textcomp Info: Setting hlst sub-encoding to TS1/3 on input line 399.
Package textcomp Info: Setting hlct sub-encoding to TS1/5 on input line 400.
Package textcomp Info: Setting hlx sub-encoding to TS1/5 on input line 401.
Package textcomp Info: Setting hlce sub-encoding to TS1/5 on input line 402.
Package textcomp Info: Setting hlcn sub-encoding to TS1/5 on input line 403.
Package textcomp Info: Setting hlcw sub-encoding to TS1/5 on input line 404.
Package textcomp Info: Setting hlcf sub-encoding to TS1/5 on input line 405.
Package textcomp Info: Setting pplx sub-encoding to TS1/3 on input line 406.
Package textcomp Info: Setting pplj sub-encoding to TS1/3 on input line 407.
Package textcomp Info: Setting ptmx sub-encoding to TS1/4 on input line 408.
Package textcomp Info: Setting ptmj sub-encoding to TS1/4 on input line 409.
)) (/Users/capitan/Library/TinyTeX/texmf-dist/tex/latex/geometry/geometry.sty
Package: geometry 2018/04/16 v5.8 Page Geometry
(/Users/capitan/Library/TinyTeX/texmf-dist/tex/generic/oberdiek/ifpdf.sty
Package: ifpdf 2018/09/07 v3.3 Provides the ifpdf switch
) (/Users/capitan/Library/TinyTeX/texmf-dist/tex/generic/oberdiek/ifvtex.sty
Package: ifvtex 2016/05/16 v1.6 Detect VTeX and its facilities (HO)
Package ifvtex Info: VTeX not detected.
)
\Gm@cnth=\count275
\Gm@cntv=\count276
\c@Gm@tempcnt=\count277
\Gm@bindingoffset=\dimen169
\Gm@wd@mp=\dimen170
\Gm@odd@mp=\dimen171
\Gm@even@mp=\dimen172
\Gm@layoutwidth=\dimen173
\Gm@layoutheight=\dimen174
\Gm@layouthoffset=\dimen175
\Gm@layoutvoffset=\dimen176
\Gm@dimlist=\toks22
) (/Users/capitan/Library/TinyTeX/texmf-dist/tex/latex/hyperref/hyperref.sty
Package: hyperref 2018/11/30 v6.88e Hypertext links for LaTeX

(/Users/capitan/Library/TinyTeX/texmf-dist/tex/generic/oberdiek/hobsub-hyperref
.sty
Package: hobsub-hyperref 2016/05/16 v1.14 Bundle oberdiek, subset hyperref (HO)


(/Users/capitan/Library/TinyTeX/texmf-dist/tex/generic/oberdiek/hobsub-generic.
sty
Package: hobsub-generic 2016/05/16 v1.14 Bundle oberdiek, subset generic (HO)
Package: hobsub 2016/05/16 v1.14 Construct package bundles (HO)
Package: infwarerr 2016/05/16 v1.4 Providing info/warning/error messages (HO)
Package: ltxcmds 2016/05/16 v1.23 LaTeX kernel commands for general use (HO)
Package hobsub Info: Skipping package `ifluatex' (already loaded).
Package hobsub Info: Skipping package `ifvtex' (already loaded).
Package: intcalc 2016/05/16 v1.2 Expandable calculations with integers (HO)
Package hobsub Info: Skipping package `ifpdf' (already loaded).
Package: etexcmds 2016/05/16 v1.6 Avoid name clashes with e-TeX commands (HO)
Package: kvsetkeys 2016/05/16 v1.17 Key value parser (HO)
Package: kvdefinekeys 2016/05/16 v1.4 Define keys (HO)
Package: pdftexcmds 2018/09/10 v0.29 Utility functions of pdfTeX for LuaTeX (HO
)
Package pdftexcmds Info: LuaTeX not detected.
Package pdftexcmds Info: pdfTeX >= 1.30 not detected.
Package pdftexcmds Info: \pdf@primitive is available.
Package pdftexcmds Info: \pdf@ifprimitive is available.
Package pdftexcmds Info: \pdfdraftmode not found.
Package: pdfescape 2016/05/16 v1.14 Implements pdfTeX's escape features (HO)
Package: bigintcalc 2016/05/16 v1.4 Expandable calculations on big integers (HO
)
Package: bitset 2016/05/16 v1.2 Handle bit-vector datatype (HO)
Package: uniquecounter 2016/05/16 v1.3 Provide unlimited unique counter (HO)
)
Package hobsub Info: Skipping package `hobsub' (already loaded).
Package: letltxmacro 2016/05/16 v1.5 Let assignment for LaTeX macros (HO)
Package: hopatch 2016/05/16 v1.3 Wrapper for package hooks (HO)
Package: xcolor-patch 2016/05/16 xcolor patch
Package: atveryend 2016/05/16 v1.9 Hooks at the very end of document (HO)
Package: atbegshi 2016/06/09 v1.18 At begin shipout hook (HO)
Package: refcount 2016/05/16 v3.5 Data extraction from label references (HO)
Package: hycolor 2016/05/16 v1.8 Color options for hyperref/bookmark (HO)
) (/Users/capitan/Library/TinyTeX/texmf-dist/tex/latex/oberdiek/auxhook.sty
Package: auxhook 2016/05/16 v1.4 Hooks for auxiliary files (HO)
) (/Users/capitan/Library/TinyTeX/texmf-dist/tex/latex/oberdiek/kvoptions.sty
Package: kvoptions 2016/05/16 v3.12 Key value format for package options (HO)
)
\@linkdim=\dimen177
\Hy@linkcounter=\count278
\Hy@pagecounter=\count279
(/Users/capitan/Library/TinyTeX/texmf-dist/tex/latex/hyperref/pd1enc.def
File: pd1enc.def 2018/11/30 v6.88e Hyperref: PDFDocEncoding definition (HO)
)
\Hy@SavedSpaceFactor=\count280
(/Users/capitan/Library/TinyTeX/texmf-dist/tex/latex/latexconfig/hyperref.cfg
File: hyperref.cfg 2002/06/06 v1.2 hyperref configuration of TeXLive
)
Package hyperref Info: Hyper figures OFF on input line 4519.
Package hyperref Info: Link nesting OFF on input line 4524.
Package hyperref Info: Hyper index ON on input line 4527.
Package hyperref Info: Plain pages OFF on input line 4534.
Package hyperref Info: Backreferencing OFF on input line 4539.
Package hyperref Info: Implicit mode ON; LaTeX internals redefined.
Package hyperref Info: Bookmarks ON on input line 4772.
\c@Hy@tempcnt=\count281
(/Users/capitan/Library/TinyTeX/texmf-dist/tex/latex/url/url.sty
\Urlmuskip=\muskip17
Package: url 2013/09/16  ver 3.4  Verb mode for urls, etc.
)
LaTeX Info: Redefining \url on input line 5125.
\XeTeXLinkMargin=\dimen178
\Fld@menulength=\count282
\Field@Width=\dimen179
\Fld@charsize=\dimen180
Package hyperref Info: Hyper figures OFF on input line 6380.
Package hyperref Info: Link nesting OFF on input line 6385.
Package hyperref Info: Hyper index ON on input line 6388.
Package hyperref Info: backreferencing OFF on input line 6395.
Package hyperref Info: Link coloring OFF on input line 6400.
Package hyperref Info: Link coloring with OCG OFF on input line 6405.
Package hyperref Info: PDF/A mode OFF on input line 6410.
LaTeX Info: Redefining \ref on input line 6450.
LaTeX Info: Redefining \pageref on input line 6454.
\Hy@abspage=\count283
\c@Item=\count284
\c@Hfootnote=\count285
)
Package hyperref Info: Driver (autodetected): hxetex.
(/Users/capitan/Library/TinyTeX/texmf-dist/tex/latex/hyperref/hxetex.def
File: hxetex.def 2018/11/30 v6.88e Hyperref driver for XeTeX
(/Users/capitan/Library/TinyTeX/texmf-dist/tex/latex/hyperref/puenc.def
File: puenc.def 2018/11/30 v6.88e Hyperref: PDF Unicode definition (HO)
) (/Users/capitan/Library/TinyTeX/texmf-dist/tex/generic/oberdiek/stringenc.sty
Package: stringenc 2016/05/16 v1.11 Convert strings between diff. encodings (HO
)
)
\pdfm@box=\box73
\c@Hy@AnnotLevel=\count286
\HyField@AnnotCount=\count287
\Fld@listcount=\count288
\c@bookmark@seq@number=\count289

(/Users/capitan/Library/TinyTeX/texmf-dist/tex/latex/oberdiek/rerunfilecheck.st
y
Package: rerunfilecheck 2016/05/16 v1.8 Rerun checks for auxiliary files (HO)
Package uniquecounter Info: New unique counter `rerunfilecheck' on input line 2
82.
)
\Hy@SectionHShift=\skip80
)
Package hyperref Info: Option `unicode' set `true' on input line 35.

(/Users/capitan/Library/TinyTeX/texmf-dist/tex/generic/oberdiek/se-ascii-print.
def
File: se-ascii-print.def 2016/05/16 v1.11 stringenc: Printable ASCII characters

)
Package hyperref Info: Option `colorlinks' set `true' on input line 35.
Package hyperref Info: Option `breaklinks' set `true' on input line 35.
(/Users/capitan/Library/TinyTeX/texmf-dist/tex/latex/natbib/natbib.sty
Package: natbib 2010/09/13 8.31b (PWD, AO)
\bibhang=\skip81
\bibsep=\skip82
LaTeX Info: Redefining \cite on input line 694.
\c@NAT@ctr=\count290
) (/Users/capitan/Library/TinyTeX/texmf-dist/tex/latex/tools/longtable.sty
Package: longtable 2014/10/28 v4.11 Multi-page Table package (DPC)+ FMi change
\LTleft=\skip83
\LTright=\skip84
\LTpre=\skip85
\LTpost=\skip86
\LTchunksize=\count291
\LTcapwidth=\dimen181
\LT@head=\box74
\LT@firsthead=\box75
\LT@foot=\box76
\LT@lastfoot=\box77
\LT@cols=\count292
\LT@rows=\count293
\c@LT@tables=\count294
\c@LT@chunks=\count295
\LT@p@ftn=\toks23
) (/Users/capitan/Library/TinyTeX/texmf-dist/tex/latex/booktabs/booktabs.sty
Package: booktabs 2016/04/27 v1.618033 publication quality tables
\heavyrulewidth=\dimen182
\lightrulewidth=\dimen183
\cmidrulewidth=\dimen184
\belowrulesep=\dimen185
\belowbottomsep=\dimen186
\aboverulesep=\dimen187
\abovetopsep=\dimen188
\cmidrulesep=\dimen189
\cmidrulekern=\dimen190
\defaultaddspace=\dimen191
\@cmidla=\count296
\@cmidlb=\count297
\@aboverulesep=\dimen192
\@belowrulesep=\dimen193
\@thisruleclass=\count298
\@lastruleclass=\count299
\@thisrulewidth=\dimen194
) (/Users/capitan/Library/TinyTeX/texmf-dist/tex/latex/graphics/graphicx.sty
Package: graphicx 2017/06/01 v1.1a Enhanced LaTeX Graphics (DPC,SPQR)
(/Users/capitan/Library/TinyTeX/texmf-dist/tex/latex/graphics/graphics.sty
Package: graphics 2017/06/25 v1.2c Standard LaTeX Graphics (DPC,SPQR)
(/Users/capitan/Library/TinyTeX/texmf-dist/tex/latex/graphics/trig.sty
Package: trig 2016/01/03 v1.10 sin cos tan (DPC)
) (/Users/capitan/Library/TinyTeX/texmf-dist/tex/latex/graphics-cfg/graphics.cf
g
File: graphics.cfg 2016/06/04 v1.11 sample graphics configuration
)
Package graphics Info: Driver file: xetex.def on input line 99.
(/Users/capitan/Library/TinyTeX/texmf-dist/tex/latex/graphics-def/xetex.def
File: xetex.def 2017/06/24 v5.0h Graphics/color driver for xetex
))
\Gin@req@height=\dimen195
\Gin@req@width=\dimen196
) (/Users/capitan/Library/TinyTeX/texmf-dist/tex/latex/oberdiek/grffile.sty
Package: grffile 2017/06/30 v1.18 Extended file name support for graphics (HO)
Package grffile Info: Option `multidot' is set to `true'.
Package grffile Info: Option `extendedchars' is set to `false'.
Package grffile Info: Option `space' is set to `true'.
Package grffile Info: \Gin@ii of package `graphicx' fixed on input line 494.
) (/Users/capitan/Library/TinyTeX/texmf-dist/tex/latex/titling/titling.sty
Package: titling 2009/09/04 v2.1d maketitle typesetting
\thanksmarkwidth=\skip87
\thanksmargin=\skip88
\droptitle=\skip89
) (/Users/capitan/Library/TinyTeX/texmf-dist/tex/latex/multirow/multirow.sty
Package: multirow 2019/01/01 v2.4 Span multiple rows of a table
\multirow@colwidth=\skip90
\multirow@cntb=\count300
\multirow@dima=\skip91
\bigstrutjot=\dimen197
) (/Users/capitan/Library/TinyTeX/texmf-dist/tex/latex/caption/caption.sty
Package: caption 2018/10/06 v3.3-154 Customizing captions (AR)
(/Users/capitan/Library/TinyTeX/texmf-dist/tex/latex/caption/caption3.sty
Package: caption3 2018/09/12 v1.8c caption3 kernel (AR)
Package caption3 Info: TeX engine: e-TeX on input line 64.
\captionmargin=\dimen198
\captionmargin@=\dimen199
\captionwidth=\dimen256
\caption@tempdima=\dimen257
\caption@indent=\dimen258
\caption@parindent=\dimen259
\caption@hangindent=\dimen260
Package caption Info: Unknown document class (or package),
(caption)             standard defaults will be used.
)

Package caption Warning: Unsupported document class (or package) detected,
(caption)                usage of the caption package is not recommended.
See the caption package documentation for explanation.

Package caption Info: \@makecaption = \long macro:#1#2->\vskip \abovecaptionski
p \sbox \@tempboxa {#1: #2}\ifdim \wd \@tempboxa >\hsize {\FigCapFont #1} #2\pa
r \else \global \@minipagefalse {\FigCapFont #1} #2\par \fi \vskip \belowcaptio
nskip .
\c@caption@flags=\count301
\c@ContinuedFloat=\count302
Package caption Info: hyperref package is loaded.
Package caption Info: longtable package is loaded.
(/Users/capitan/Library/TinyTeX/texmf-dist/tex/latex/caption/ltcaption.sty
Package: ltcaption 2018/08/26 v1.4-95 longtable captions (AR)
)) (/Users/capitan/Library/TinyTeX/texmf-dist/tex/latex/framed/framed.sty
Package: framed 2011/10/22 v 0.96: framed or shaded text with page breaks
\OuterFrameSep=\skip92
\fb@frw=\dimen261
\fb@frh=\dimen262
\FrameRule=\dimen263
\FrameSep=\dimen264
) (/Users/capitan/Library/TinyTeX/texmf-dist/tex/latex/graphics/color.sty
Package: color 2016/07/10 v1.1e Standard LaTeX Color (DPC)
(/Users/capitan/Library/TinyTeX/texmf-dist/tex/latex/graphics-cfg/color.cfg
File: color.cfg 2016/01/02 v1.6 sample color configuration
)
Package color Info: Driver file: xetex.def on input line 147.
(/Users/capitan/Library/TinyTeX/texmf-dist/tex/latex/graphics/dvipsnam.def
File: dvipsnam.def 2016/06/17 v3.0m Driver-dependent file (DPC,SPQR)
)) (/Users/capitan/Library/TinyTeX/texmf-dist/tex/latex/base/makeidx.sty
Package: makeidx 2014/09/29 v1.0m Standard LaTeX package
)
\@indexfile=\write3
\openout3 = `Libro-Conceptual.idx'.

Writing index file Libro-Conceptual.idx
(/Users/capitan/Library/TinyTeX/texmf-dist/tex/latex/amscls/amsthm.sty
Package: amsthm 2017/10/31 v2.20.4
\thm@style=\toks24
\thm@bodyfont=\toks25
\thm@headfont=\toks26
\thm@notefont=\toks27
\thm@headpunct=\toks28
\thm@preskip=\skip93
\thm@postskip=\skip94
\thm@headsep=\skip95
\dth@everypar=\toks29
) (./Libro-Conceptual.aux)
\openout1 = `Libro-Conceptual.aux'.

LaTeX Font Info:    Checking defaults for OML/cmm/m/it on input line 202.
LaTeX Font Info:    ... okay on input line 202.
LaTeX Font Info:    Checking defaults for T1/cmr/m/n on input line 202.
LaTeX Font Info:    ... okay on input line 202.
LaTeX Font Info:    Checking defaults for OT1/cmr/m/n on input line 202.
LaTeX Font Info:    ... okay on input line 202.
LaTeX Font Info:    Checking defaults for OMS/cmsy/m/n on input line 202.
LaTeX Font Info:    ... okay on input line 202.
LaTeX Font Info:    Checking defaults for TU/lmr/m/n on input line 202.
LaTeX Font Info:    ... okay on input line 202.
LaTeX Font Info:    Checking defaults for OMX/cmex/m/n on input line 202.
LaTeX Font Info:    ... okay on input line 202.
LaTeX Font Info:    Checking defaults for U/cmr/m/n on input line 202.
LaTeX Font Info:    ... okay on input line 202.
LaTeX Font Info:    Checking defaults for TS1/cmr/m/n on input line 202.
LaTeX Font Info:    Try loading font information for TS1+cmr on input line 202.

(/Users/capitan/Library/TinyTeX/texmf-dist/tex/latex/base/ts1cmr.fd
File: ts1cmr.fd 2014/09/29 v2.5h Standard LaTeX font definitions
)
LaTeX Font Info:    ... okay on input line 202.
LaTeX Font Info:    Checking defaults for PD1/pdf/m/n on input line 202.
LaTeX Font Info:    ... okay on input line 202.
LaTeX Font Info:    Checking defaults for PU/pdf/m/n on input line 202.
LaTeX Font Info:    ... okay on input line 202.
LaTeX Font Info:    Font shape `TU/Palatino(0)/m/n' will be
(Font)              scaled to size 5.48822pt on input line 202.
*geometry* driver: auto-detecting
*geometry* detected driver: xetex
*geometry* verbose mode - [ preamble ] result:
* driver: xetex
* paper: <default>
* layout: <same size as paper>
* layoutoffset:(h,v)=(0.0pt,0.0pt)
* modes: twoside 
* h-part:(L,W,R)=(72.26999pt, 469.75502pt, 72.26999pt)
* v-part:(T,H,B)=(72.26999pt, 650.43001pt, 72.26999pt)
* \paperwidth=614.295pt
* \paperheight=794.96999pt
* \textwidth=469.75502pt
* \textheight=650.43001pt
* \oddsidemargin=0.0pt
* \evensidemargin=0.0pt
* \topmargin=-24.0pt
* \headheight=12.0pt
* \headsep=12.0pt
* \topskip=11.0pt
* \footskip=24.0pt
* \marginparwidth=48.0pt
* \marginparsep=12.0pt
* \columnsep=10.0pt
* \skip\footins=12.0pt plus 3.0pt minus 1.5pt
* \hoffset=-15.0pt
* \voffset=39.0pt
* \mag=1000
* \@twocolumnfalse
* \@twosidetrue
* \@mparswitchtrue
* \@reversemarginfalse
* (1in=72.27pt=25.4mm, 1cm=28.453pt)

\AtBeginShipoutBox=\box78
Package hyperref Info: Link coloring ON on input line 202.
(/Users/capitan/Library/TinyTeX/texmf-dist/tex/latex/hyperref/nameref.sty
Package: nameref 2016/05/21 v2.44 Cross-referencing by name of section

(/Users/capitan/Library/TinyTeX/texmf-dist/tex/generic/oberdiek/gettitlestring.
sty
Package: gettitlestring 2016/05/16 v1.5 Cleanup title references (HO)
)
\c@section@level=\count303
)
LaTeX Info: Redefining \ref on input line 202.
LaTeX Info: Redefining \pageref on input line 202.
LaTeX Info: Redefining \nameref on input line 202.
(./Libro-Conceptual.out) (./Libro-Conceptual.out)
\@outlinefile=\write4
\openout4 = `Libro-Conceptual.out'.

Package caption Info: Begin \AtBeginDocument code.
Package caption Info: End \AtBeginDocument code.
LaTeX Font Info:    Font shape `TU/Palatino(0)/m/n' will be
(Font)              scaled to size 18.97095pt on input line 203.
LaTeX Font Info:    Font shape `TU/Palatino(0)/m/n' will be
(Font)              scaled to size 10.97644pt on input line 203.
LaTeX Font Info:    Font shape `TU/Palatino(0)/m/it' will be
(Font)              scaled to size 10.85266pt on input line 203.

Underfull \vbox (badness 10000) has occurred while \output is active []


Overfull \hbox (469.50502pt too wide) has occurred while \output is active
[]
 []


Underfull \vbox (badness 10000) has occurred while \output is active []


Overfull \hbox (469.50502pt too wide) has occurred while \output is active
[]
 []


Underfull \vbox (badness 10000) has occurred while \output is active []


Overfull \hbox (469.50502pt too wide) has occurred while \output is active
[]
 []


Underfull \vbox (badness 10000) has occurred while \output is active []


Overfull \hbox (469.50502pt too wide) has occurred while \output is active
[]
 []


Underfull \hbox (badness 10000) has occurred while \output is active
 [][][][] 
 []

[1



]
Underfull \vbox (badness 10000) has occurred while \output is active []


Overfull \hbox (469.50502pt too wide) has occurred while \output is active
[]
 []


Underfull \vbox (badness 10000) has occurred while \output is active []


Overfull \hbox (469.50502pt too wide) has occurred while \output is active
[]
 []


Underfull \vbox (badness 10000) has occurred while \output is active []


Overfull \hbox (469.50502pt too wide) has occurred while \output is active
[]
 []


Underfull \vbox (badness 10000) has occurred while \output is active []


Overfull \hbox (469.50502pt too wide) has occurred while \output is active
[]
 []


Underfull \hbox (badness 10000) has occurred while \output is active
 [][][][] 
 []

[2

]
Underfull \vbox (badness 10000) detected at line 208
 []


Overfull \hbox (469.50502pt too wide) detected at line 208
[]
 []


Underfull \vbox (badness 10000) detected at line 208
 []


Overfull \hbox (469.50502pt too wide) detected at line 208
[]
 []


Underfull \vbox (badness 10000) detected at line 208
 []


Overfull \hbox (469.50502pt too wide) detected at line 208
[]
 []


Underfull \vbox (badness 10000) detected at line 208
 []


Overfull \hbox (469.50502pt too wide) detected at line 208
[]
 []


Underfull \hbox (badness 10000) detected at line 208
[]
 []

LaTeX Font Info:    Font shape `TU/Palatino(0)/m/sl' in size <18> not available

(Font)              Font shape `TU/Palatino(0)/m/it' tried instead on input lin
e 208.
LaTeX Font Info:    Font shape `TU/Palatino(0)/m/it' will be
(Font)              scaled to size 16.27899pt on input line 208.
LaTeX Font Info:    Font shape `TU/Palatino(0)/bx/sl' in size <18> not availabl
e
(Font)              Font shape `TU/Palatino(0)/bx/it' tried instead on input li
ne 208.
LaTeX Font Info:    Font shape `TU/Palatino(0)/bx/it' will be
(Font)              scaled to size 16.26251pt on input line 208.
(./Libro-Conceptual.toc
LaTeX Font Info:    Font shape `TU/Palatino(0)/bx/n' will be
(Font)              scaled to size 10.06174pt on input line 2.
LaTeX Font Info:    Calculating math sizes for size <11> on input line 4.
LaTeX Font Info:    Try loading font information for OT1+lmr on input line 4.
(/Users/capitan/Library/TinyTeX/texmf-dist/tex/latex/lm/ot1lmr.fd
File: ot1lmr.fd 2009/10/30 v1.6 Font defs for Latin Modern
)
LaTeX Font Info:    Try loading font information for OML+lmm on input line 4.
(/Users/capitan/Library/TinyTeX/texmf-dist/tex/latex/lm/omllmm.fd
File: omllmm.fd 2009/10/30 v1.6 Font defs for Latin Modern
)
LaTeX Font Info:    Try loading font information for OMS+lmsy on input line 4.
(/Users/capitan/Library/TinyTeX/texmf-dist/tex/latex/lm/omslmsy.fd
File: omslmsy.fd 2009/10/30 v1.6 Font defs for Latin Modern
)
LaTeX Font Info:    Try loading font information for OMX+lmex on input line 4.
(/Users/capitan/Library/TinyTeX/texmf-dist/tex/latex/lm/omxlmex.fd
File: omxlmex.fd 2009/10/30 v1.6 Font defs for Latin Modern
)
LaTeX Font Info:    External font `lmex10' loaded for size
(Font)              <11> on input line 4.
LaTeX Font Info:    External font `lmex10' loaded for size
(Font)              <7.69997> on input line 4.
LaTeX Font Info:    External font `lmex10' loaded for size
(Font)              <5.5> on input line 4.
LaTeX Font Info:    Try loading font information for U+msa on input line 4.
(/Users/capitan/Library/TinyTeX/texmf-dist/tex/latex/amsfonts/umsa.fd
File: umsa.fd 2013/01/14 v3.01 AMS symbols A
)
LaTeX Font Info:    Try loading font information for U+msb on input line 4.
(/Users/capitan/Library/TinyTeX/texmf-dist/tex/latex/amsfonts/umsb.fd
File: umsb.fd 2013/01/14 v3.01 AMS symbols B
)
LaTeX Font Info:    Font shape `TU/Palatino(0)/m/n' will be
(Font)              scaled to size 9.14703pt on input line 4.

Overfull \hbox (1.44006pt too wide) detected at line 10
 [] \TU/Palatino(0)/m/n/10 xviii
 []

LaTeX Font Info:    Font shape `TU/Palatino(0)/bx/it' will be
(Font)              scaled to size 9.9382pt on input line 35.

Overfull \hbox (1.44006pt too wide) detected at line 43
 [] \TU/Palatino(0)/m/n/10 lxvii
 []


Overfull \hbox (3.49904pt too wide) detected at line 48
 [] \TU/Palatino(0)/m/n/10 lxxvi
 []


Overfull \hbox (8.37627pt too wide) detected at line 55
 [] \TU/Palatino(0)/m/n/10 lxxxiii
 []


Overfull \hbox (5.55801pt too wide) detected at line 56
 [] \TU/Palatino(0)/m/n/10 lxxxv
 []


Overfull \hbox (5.55801pt too wide) detected at line 57
 [] \TU/Palatino(0)/m/n/10 lxxxv
 []


Overfull \hbox (7.77332pt too wide) detected at line 58
 [] \TU/Palatino(0)/m/n/10 lxxxix
 []


Underfull \hbox (badness 10000) has occurred while \output is active
 [][][][] 
 []

[3]
Overfull \hbox (4.897pt too wide) detected at line 71
 [] \TU/Palatino(0)/m/n/10 cxxvi
 []


Overfull \hbox (9.77422pt too wide) detected at line 74
 [] \TU/Palatino(0)/m/n/10 cxxxiii
 []

)
\tf@toc=\write5
\openout5 = `Libro-Conceptual.toc'.

LaTeX Font Info:    Font shape `TU/Palatino(0)/m/it' will be
(Font)              scaled to size 9.04388pt on input line 210.
[4]
Underfull \vbox (badness 10000) detected at line 210
 []


Overfull \hbox (469.50502pt too wide) detected at line 210
[]
 []


Underfull \vbox (badness 10000) detected at line 210
 []


Overfull \hbox (469.50502pt too wide) detected at line 210
[]
 []


Underfull \vbox (badness 10000) detected at line 210
 []


Overfull \hbox (469.50502pt too wide) detected at line 210
[]
 []


Underfull \vbox (badness 10000) detected at line 210
 []


Overfull \hbox (469.50502pt too wide) detected at line 210
[]
 []


Underfull \hbox (badness 10000) detected at line 210
[]
 []


Package hyperref Warning: bookmark level for unknown fm defaults to 0.

(./Libro-Conceptual.lot
LaTeX Font Info:    Font shape `TU/Palatino(0)/m/it' will be
(Font)              scaled to size 9.94827pt on input line 1.
)
\tf@lot=\write6
\openout6 = `Libro-Conceptual.lot'.


Underfull \hbox (badness 10000) has occurred while \output is active
 [][][][] 
 []

[5


]
Underfull \vbox (badness 10000) has occurred while \output is active []


Overfull \hbox (469.50502pt too wide) has occurred while \output is active
[]
 []


Underfull \vbox (badness 10000) has occurred while \output is active []


Overfull \hbox (469.50502pt too wide) has occurred while \output is active
[]
 []


Underfull \vbox (badness 10000) has occurred while \output is active []


Overfull \hbox (469.50502pt too wide) has occurred while \output is active
[]
 []


Underfull \vbox (badness 10000) has occurred while \output is active []


Overfull \hbox (469.50502pt too wide) has occurred while \output is active
[]
 []


Underfull \hbox (badness 10000) has occurred while \output is active
 [][][][] 
 []

[6

]
Underfull \vbox (badness 10000) detected at line 211
 []


Overfull \hbox (469.50502pt too wide) detected at line 211
[]
 []


Underfull \vbox (badness 10000) detected at line 211
 []


Overfull \hbox (469.50502pt too wide) detected at line 211
[]
 []


Underfull \vbox (badness 10000) detected at line 211
 []


Overfull \hbox (469.50502pt too wide) detected at line 211
[]
 []


Underfull \vbox (badness 10000) detected at line 211
 []


Overfull \hbox (469.50502pt too wide) detected at line 211
[]
 []


Underfull \hbox (badness 10000) detected at line 211
[]
 []

(./Libro-Conceptual.lof
Underfull \hbox (badness 10000) in paragraph at lines 2--2
 [][] [][][]\TU/Palatino(0)/m/n/11 Mapa de procesos institucionales. Tomado de 
Gestión por procesos en 
 []


Overfull \hbox (4.47864pt too wide) detected at line 4
 []\TU/Palatino(0)/m/n/11 lxviii
 []


Overfull \hbox (3.98734pt too wide) detected at line 7
 []\TU/Palatino(0)/m/n/11 lxxiii
 []


Overfull \hbox (0.88727pt too wide) detected at line 8
 []\TU/Palatino(0)/m/n/11 lxxv
 []


Overfull \hbox (6.74352pt too wide) detected at line 9
 []\TU/Palatino(0)/m/n/11 lxxvii
 []


Overfull \hbox (9.67163pt too wide) detected at line 10
 []\TU/Palatino(0)/m/n/11 lxxviii
 []


Overfull \hbox (3.3241pt too wide) detected at line 11
 []\TU/Palatino(0)/m/n/11 lxxix
 []


Overfull \hbox (0.39597pt too wide) detected at line 12
 []\TU/Palatino(0)/m/n/11 lxxx
 []


Overfull \hbox (3.3241pt too wide) detected at line 13
 []\TU/Palatino(0)/m/n/11 lxxxi
 []


Overfull \hbox (9.18033pt too wide) detected at line 14
 []\TU/Palatino(0)/m/n/11 lxxxiii
 []


Overfull \hbox (9.00838pt too wide) detected at line 15
 []\TU/Palatino(0)/m/n/11 lxxxiv
 []


Overfull \hbox (8.51709pt too wide) detected at line 16
 []\TU/Palatino(0)/m/n/11 lxxxix
 []


Overfull \hbox (0.33209pt too wide) detected at line 18
 []\TU/Palatino(0)/m/n/11 xciii
 []


Overfull \hbox (0.16014pt too wide) detected at line 19
 []\TU/Palatino(0)/m/n/11 xciv
 []


Underfull \hbox (badness 10000) has occurred while \output is active
 [][][][] 
 []

[7

]
Underfull \hbox (badness 4634) in paragraph at lines 24--24
 [][] [][][]\TU/Palatino(0)/m/n/11 Relación entre geometría de los gráficos y p
ercepción humana (ilusiones ópticas). 
 []


Underfull \hbox (badness 5652) in paragraph at lines 24--24
 \TU/Palatino(0)/m/n/11 Fuente: imágenes construidas por el psicólogo experimen
tal Akiyoshi Kitaoka, en 
 []


Overfull \hbox (0.33209pt too wide) detected at line 30
 []\TU/Palatino(0)/m/n/11 cxiii
 []


Overfull \hbox (0.16014pt too wide) detected at line 31
 []\TU/Palatino(0)/m/n/11 cxiv
 []


Overfull \hbox (0.16014pt too wide) detected at line 32
 []\TU/Palatino(0)/m/n/11 cxvi
 []


Overfull \hbox (4.86185pt too wide) detected at line 34
 []\TU/Palatino(0)/m/n/11 cxxix
 []


Overfull \hbox (4.86185pt too wide) detected at line 35
 []\TU/Palatino(0)/m/n/11 cxxix
 []


Underfull \hbox (badness 1558) in paragraph at lines 35--35
 [][] [][][]\TU/Palatino(0)/m/n/11 Representación gráfica de un indicador de ac
umulado. Fuente: adaptado de la Guía 
 []


Overfull \hbox (1.93372pt too wide) detected at line 36
 []\TU/Palatino(0)/m/n/11 cxxx
 []


Underfull \hbox (badness 2310) in paragraph at lines 36--36
 [][] [][][]\TU/Palatino(0)/m/n/11 Representación gráfica de un indicador de ca
pacidad. Fuente: adaptado de la Guía 
 []


Overfull \hbox (4.86185pt too wide) detected at line 37
 []\TU/Palatino(0)/m/n/11 cxxxi
 []


Underfull \hbox (badness 2538) in paragraph at lines 37--37
 [][] [][][]\TU/Palatino(0)/m/n/11 Representación gráfica de un indicador de re
ducción. Fuente: adaptado de la Guía 
 []


Overfull \hbox (7.78996pt too wide) detected at line 38
 []\TU/Palatino(0)/m/n/11 cxxxii
 []

[8]
Overfull \hbox (10.7181pt too wide) detected at line 39
 []\TU/Palatino(0)/m/n/11 cxxxiii
 []

)
\tf@lof=\write7
\openout7 = `Libro-Conceptual.lof'.

LaTeX Font Info:    Font shape `TU/Palatino(0)/bx/n' will be
(Font)              scaled to size 10.97644pt on input line 213.
File: imagenes/Portada_Final.jpg Graphic file (type bmp)
<imagenes/Portada_Final.jpg>
[9] [10] [11] [12] [13]
Underfull \hbox (badness 10000) detected at line 364
 [][]
 []


Underfull \hbox (badness 10000) detected at line 364
[][][]
 []


Underfull \hbox (badness 10000) detected at line 366
 [][]
 []


Underfull \hbox (badness 10000) detected at line 366
[][][]
 []


Underfull \hbox (badness 10000) detected at line 368
 [][]
 []


Underfull \hbox (badness 10000) detected at line 368
[][][]
 []


Underfull \hbox (badness 10000) detected at line 370
 [][]
 []


Underfull \hbox (badness 10000) detected at line 370
[][][]
 []

[14] [15]
LaTeX Font Info:    Font shape `TU/Palatino(0)/m/n' will be
(Font)              scaled to size 7.04318pt on input line 424.
LaTeX Font Info:    Font shape `TU/Palatino(0)/m/n' will be
(Font)              scaled to size 8.23233pt on input line 424.
LaTeX Font Info:    External font `lmex10' loaded for size
(Font)              <9> on input line 424.
LaTeX Font Info:    External font `lmex10' loaded for size
(Font)              <6> on input line 424.
LaTeX Font Info:    External font `lmex10' loaded for size
(Font)              <5> on input line 424.
LaTeX Font Info:    Font shape `TU/Palatino(0)/m/it' will be
(Font)              scaled to size 8.1395pt on input line 424.

Underfull \hbox (badness 4328) in paragraph at lines 424--424
[][][]\TU/Palatino(0)/m/n/9 Ver \TU/Palatino(0)/m/it/9 La sobreinformación en l
a era internet\TU/Palatino(0)/m/n/9 , del Equipo Enliza (2014), en [][]$[][][][
] [] [] [] [][][] [] [][][][][][] [] [][] [] [][][][][][][][][] [] [] [] [] []
 []

[16]
Overfull \hbox (27.4411pt too wide) in paragraph at lines 449--449
|  
 []

[17] [18] [19] [20]
LaTeX Font Info:    Font shape `TU/Palatino(0)/bx/it' will be
(Font)              scaled to size 9.03473pt on input line 508.
[21]
LaTeX Font Info:    Font shape `TU/Palatino(0)/bx/n' will be
(Font)              scaled to size 9.14703pt on input line 513.

Underfull \hbox (badness 10000) in paragraph at lines 519--519
[][][][][]$[][][][] [] [] [] [][][] [] [][][] [] [][][] [] [][] [] [][][][][][]
[][][][][][][][][][][][][][][] [] [][][][][][][][][][][][][][][][][][][][][][][
][][][][][][][][][][][][][][][][][][][][][][][][][][][][][][][][][][][][] []
 []


Underfull \hbox (badness 10000) in paragraph at lines 521--521
[][][][][]$[][][][][] [] [] [] [][][][][][][][][][][][] [] [][][] [] [][][] [] 
[][] [] [][][] [] [][][][][][][][] [] [][][][][][][][][][] [] [][][][][][][][] 
[] [][][][][][] [] [][][][][][] [] [][][][][][][][][][][][][] []
 []

[22] [23] [24]
LaTeX Font Info:    External font `lmex10' loaded for size
(Font)              <10> on input line 552.
LaTeX Font Info:    External font `lmex10' loaded for size
(Font)              <7> on input line 552.
LaTeX Font Info:    Font shape `TU/Palatino(0)/m/n' will be
(Font)              scaled to size 6.40292pt on input line 552.

Overfull \hbox (27.4411pt too wide) in paragraph at lines 553--553
|  
 []


Underfull \hbox (badness 5008) in paragraph at lines 559--559
[][][]\TU/Palatino(0)/m/n/9 Ver DAFP, \TU/Palatino(0)/m/it/9 Manual técnico del
 modelo estándar de control interno para el Estado colombiano MECI\TU/Palatino(
0)/m/n/9 , en [][]$[][][][] [] [] [] [][][] []
 []


Underfull \hbox (badness 10000) in paragraph at lines 559--559
[][][][][][][][][][][][][][] [] [][][] [] [][] [] [][][][][][][][][] [] [][][][
][][] [] [][][][][][] [] [][][][][][] [] [] [] [][] [] [][][][][][][] [] [][][]
 [] [][][][][][] [] [][][] [] [][] [] [][][][][][] [] [][] []
 []

[25]
Underfull \hbox (badness 10000) detected at line 575
 [][]
 []


Underfull \hbox (badness 10000) detected at line 575
[][][]
 []


Underfull \hbox (badness 10000) detected at line 577
 [][]
 []


Underfull \hbox (badness 10000) detected at line 577
[][][]
 []


Underfull \hbox (badness 10000) detected at line 579
 [][]
 []


Underfull \hbox (badness 10000) detected at line 579
[][][]
 []


Underfull \hbox (badness 10000) detected at line 581
 [][]
 []


Underfull \hbox (badness 10000) detected at line 581
[][][]
 []


Underfull \hbox (badness 10000) detected at line 583
 [][]
 []


Underfull \hbox (badness 10000) detected at line 583
[][][]
 []


Underfull \hbox (badness 10000) detected at line 585
 [][]
 []


Underfull \hbox (badness 10000) detected at line 585
[][][]
 []


Underfull \hbox (badness 10000) in paragraph at lines 588--588
[][][][][]$[][][][] [] [] [] [][][] [] [][][][][][][][][][][][][][] [] [][][] [
] [][] [] [][][] [] [][][] [] [][][][][][][][][][][][][][][][][][][] [] [][] []
 [][][][][][][][] [] [][][][][][][] [] [][][][][][][][][][][][] []
 []

[26]
Overfull \hbox (27.4411pt too wide) in paragraph at lines 597--597
|  
 []


Underfull \hbox (badness 10000) in paragraph at lines 608--608
[][][][][]$[][][][][] [] [] [] [][][] [] [][][][][][] [] [][][] [] [][] [] [][]
[][][][] [] [][][] [] [][][][][][][][][][][] [] [][][][]$[][]\TU/Palatino(0)/m/
n/9 ; [][]$[][][][][] [] [] [] [][][] [] [][][][][][] [] [][][] [] [][] [] [][]
[][][][] [] [][][] []
 []

[27] [28] [29] [30] [31]
Underfull \hbox (badness 1424) in paragraph at lines 645--645
[][][]\TU/Palatino(0)/m/n/9 Ley 1474 de 2011. Mediante el Decreto 2641 de 2012 
se dispone de la primera versión del documento “Estrategias
 []


Underfull \hbox (badness 1418) in paragraph at lines 645--645
\TU/Palatino(0)/m/n/9 para la construcción del plan anticorrupción y de atenció
n al ciudadano” a través del cual se presenta la metodología
 []


Underfull \hbox (badness 1838) in paragraph at lines 645--645
\TU/Palatino(0)/m/n/9 para la construcción del Plan Anticorrupción y de Atenció
n al Ciudadano por parte de las entidades públicas colom-
 []


Underfull \hbox (badness 10000) in paragraph at lines 645--645
[][][][][][][][][][][][][][] [] [][][] [] [][] [] [][][][][][] [] [][][][] [] [
][][][][][] [] [][][] [] [] [] [][][][][]$[][]\TU/Palatino(0)/m/n/9 ; [][]$[][]
[][][] [] [] [] [][][] [] [][][][][][][][][][][][][][] [] [][][] [] [][] [] [][
][][][][][][][][] []
 []


Underfull \hbox (badness 10000) in paragraph at lines 645--645
[][][][][][][] [] [][][][][][][][][][][][][] [] [][][][][][][][][][][][][][][][
][][][][][][][][][][][][][][][][][][][][][][][][][][][][][][][][][][][][][][][]
[][][][][][][][][][][][][] [] [][][]$[][]\TU/Palatino(0)/m/n/9 . Medi-
 []


Underfull \hbox (badness 1675) in paragraph at lines 645--645
\TU/Palatino(0)/m/n/9 ante el Título IV de la Parte 1 del Libro 2 del Decreto Ú
nico Reglamentario 1081 de 2015, y el Decreto 124 de 2016
 []


Underfull \hbox (badness 3039) in paragraph at lines 645--645
\TU/Palatino(0)/m/n/9 se expiden las normas vigentes en lo relativo al Título P
lan Anticorrupción y de Atención al Ciudadano en donde
 []


Underfull \hbox (badness 2065) in paragraph at lines 645--645
\TU/Palatino(0)/m/n/9 la publicación de datos en formatos abiertos, el acceso, 
la calidad y el posible control interno y externo a partir del
 []


Underfull \hbox (badness 2529) in paragraph at lines 645--645
\TU/Palatino(0)/m/n/9 comportamiento de estos juegan un rol central en la reduc
ción de posibles actos de corrupción en el ámbito de las
 []


Underfull \hbox (badness 10000) in paragraph at lines 645--645
\TU/Palatino(0)/m/n/9 entidades públicas colombianas, en [][]$[][][][][] [] [] 
[] [][][] [] [][][][][][][][][][][][][][] [] [][][] [] [][] [] [][][][][][] [] 
[][][][] [] [][][][][][] [] [][][] [] [] [] [][][][][]$[][];
 []

[32]
Overfull \hbox (27.4411pt too wide) in paragraph at lines 656--656
|  
 []


Overfull \hbox (27.4411pt too wide) in paragraph at lines 669--669
|  
 []


Underfull \hbox (badness 10000) in paragraph at lines 673--673
[][][][][]$[][][][][] [] [] [] [][][] [] [][][][][][][][][][][][][][] [] [][][]
 [] [][] [] [][][][][][][][][] [] [][][][][][][][] [] [][][][][][][][] [] [][][
][][][] [] [][][][][][][][][] [] [][][][] [] [][][] []
 []

[33]
Underfull \hbox (badness 10000) in paragraph at lines 679--679
[][][][][]$[][][][][] [] [] [] [][][] [] [][][][][][][][][][][][][][] [] [][][]
 [] [][] [] [][][] [] [][][] [] [][][][][][][][][][][][][][][][][][][] [] [][] 
[] [][][][][][][][] [] [][][][][][][] [] [][][][][][][][][][][][] []
 []


Overfull \hbox (27.4411pt too wide) in paragraph at lines 685--685
|  
 []

[34] [35] [36] [37] [38]
Overfull \hbox (27.4411pt too wide) in paragraph at lines 743--743
|  
 []

[39]
Underfull \hbox (badness 2781) in paragraph at lines 755--755
[][][]\TU/Palatino(0)/m/n/9 Ver Decreto 1280 de 2018, en [][]$[][][][] [] [] []
 [][] [] [][][][][][][][][][][] [] [][][] [] [][] [] [][][][][][][][][] [] [][]
[][][][][][][] [] [][][][][][][] [] [][][][][][] [] [][][][][] []
 []

[40]
File: imagenes/Figura_1_curvas.pdf Graphic file (type pdf)
<use imagenes/Figura_1_curvas.pdf>
[41] [42] [43]
Underfull \hbox (badness 10000) in paragraph at lines 879--879
[][][]\TU/Palatino(0)/m/n/9 Ver [][]$[][][][] [] [] [] [][][] [] [][][][][][][]
[][][][][] [] [][][] [] [][] [] [][][][][][][][][][][][][][][][][][][][][] [] [
][][][] [] [][][][][][][][][][][][][][][][][][][][][][][]$[][]; [][]$[][][][] [
]
 []

[44] [45]
Underfull \hbox (badness 1189) in paragraph at lines 894--895
[]\TU/Palatino(0)/m/n/11 Independiente del debate sobre la pertinencia de los \
TU/Palatino(0)/m/it/11 rankings \TU/Palatino(0)/m/n/11 universitarios y de la d
iversidad de
 []

[46] [47] [48]
File: imagenes/F_2.pdf Graphic file (type pdf)
<use imagenes/F_2.pdf>

Underfull \hbox (badness 10000) in paragraph at lines 937--937
[]\TU/Palatino(0)/bx/n/11 FIGURE 2: |\TU/Palatino(0)/m/n/11 Mapa de procesos in
stitucionales. Tomado de Gestión por procesos en
 []

[49]
Overfull \hbox (27.4411pt too wide) in paragraph at lines 946--946
|  
 []


Underfull \hbox (badness 1092) in paragraph at lines 955--955
[][][]\TU/Palatino(0)/m/n/9 Ver “Procesos de evaluación y autoevaluación instit
ucional”, en [][]$[][][][] [] [] [] [][][][] [] [][][][] [] [][][] [] [][] [] [
][][][][] [] [][][] [] [][][][][][][][] []
 []


Overfull \hbox (27.4411pt too wide) in paragraph at lines 956--956
|  
 []

[50]
Overfull \hbox (27.4411pt too wide) in paragraph at lines 971--971
|  
 []


Overfull \hbox (21.19386pt too wide) in paragraph at lines 980--980
[][][]\TU/Palatino(0)/m/n/9 Ver \TU/Palatino(0)/m/it/9 Transparencia y acceso a
 información pública\TU/Palatino(0)/m/n/9 , en [][]$[][][][] [] [] [] [][][][] 
[] [][][] [] [][] [] [][][][][][][][][][][][][][][][][][][][][][][][][][][][][]
[][][][][][][][][][][][][][][][][][][][][]$[][]| 
 []


Underfull \hbox (badness 5519) in paragraph at lines 985--985
[][][]\TU/Palatino(0)/m/n/9 Ver La Universidad en cifras, 1961-1966, en [][]$[]
[][][] [] [] [] [][][][][][][][][][][][] [] [][][][] [] [][][] [] [][] [] [][][
][][][][][][] [] [][][][] [] [][][][][][] [] [][] []
 []

[51] [52]
Underfull \hbox (badness 10000) in paragraph at lines 1004--1004
[][][]\TU/Palatino(0)/m/n/9 Ver [][]$[][][][] [] [] [] [][][] [] [][][] [] [][]
[] [] [][] [] [][][][] [] [][][][][][][][][][][][][][][][] [] [][][][][][][][] 
[] [][][][] [] [][][]$[][]; [][]$[][][][] [] [] [] [][][] [] [][][][][] [] [][]
[][] [] [][][] [] [][] []
 []

LaTeX Font Info:    Font shape `TU/Palatino(0)/bx/it' will be
(Font)              scaled to size 10.84167pt on input line 1009.
[53] [54] [55] [56] [57] [58]
File: imagenes/BI.png Graphic file (type bmp)
<imagenes/BI.png>
[59] [60] [61] [62] [63] [64] [65] [66]
File: imagenes/F_4.png Graphic file (type bmp)
<imagenes/F_4.png>
File: imagenes/F_5.png Graphic file (type bmp)
<imagenes/F_5.png>
[67] [68] [69]
Underfull \hbox (badness 1394) in paragraph at lines 1208--1209
[]\TU/Palatino(0)/m/n/11 El comportamiento observado en las estadísticas y los 
indicadores, así como el modelamiento y
 []

File: imagenes/F_6.png Graphic file (type bmp)
<imagenes/F_6.png>
[70] [71] [72]
File: imagenes/F_7.png Graphic file (type bmp)
<imagenes/F_7.png>
[73]
File: imagenes/F_8.png Graphic file (type bmp)
<imagenes/F_8.png>
[74] [75]
File: imagenes/F_9.png Graphic file (type bmp)
<imagenes/F_9.png>
File: imagenes/F_10.png Graphic file (type bmp)
<imagenes/F_10.png>
[76]
File: imagenes/F_11.png Graphic file (type bmp)
<imagenes/F_11.png>
[77] [78] [79]
File: imagenes/F_12.png Graphic file (type bmp)
<imagenes/F_12.png>
[80]
File: imagenes/F_13.png Graphic file (type bmp)
<imagenes/F_13.png>
[81]
File: imagenes/F_14.png Graphic file (type bmp)
<imagenes/F_14.png>
[82] [83]
File: imagenes/F_15.png Graphic file (type bmp)
<imagenes/F_15.png>
[84]
Underfull \hbox (badness 1043) in paragraph at lines 1418--1419
[]\TU/Palatino(0)/m/n/11 El encuentro entre las demandas de información cuantit
ativa que viven las universidades públicas
 []


Overfull \hbox (22.58008pt too wide) in paragraph at lines 1443--1444
[]\TU/Palatino(0)/bx/n/11 Contexto 
 []


Overfull \hbox (6.35748pt too wide) in paragraph at lines 1443--1444
\TU/Palatino(0)/bx/n/11 cifras 
 []


Overfull \hbox (1.32661pt too wide) in paragraph at lines 1443--1444
\TU/Palatino(0)/bx/n/11 tatal 
 []


Overfull \hbox (12.51833pt too wide) in paragraph at lines 1443--1444
\TU/Palatino(0)/bx/n/11 colom- 
 []


Overfull \hbox (6.91756pt too wide) in paragraph at lines 1443--1444
\TU/Palatino(0)/bx/n/11 biana|  
 []


Overfull \hbox (22.58008pt too wide) in paragraph at lines 1471--1472
[]\TU/Palatino(0)/bx/n/11 Contexto 
 []


Overfull \hbox (29.27643pt too wide) in paragraph at lines 1471--1472
\TU/Palatino(0)/bx/n/11 académico 
 []


Overfull \hbox (0.77145pt too wide) in paragraph at lines 1471--1472
\TU/Palatino(0)/bx/n/11 nico 
 []


Overfull \hbox (5.80232pt too wide) in paragraph at lines 1471--1472
\TU/Palatino(0)/bx/n/11 datos|  
 []

[85] [86] [87]
File: imagenes/F_16.png Graphic file (type bmp)
<imagenes/F_16.png>
[88] [89]
File: imagenes/F_17.png Graphic file (type bmp)
<imagenes/F_17.png>

Underfull \hbox (badness 10000) detected at line 1553
 [][]
 []


Underfull \hbox (badness 10000) detected at line 1553
[][][]
 []


Underfull \hbox (badness 10000) detected at line 1555
 [][]
 []


Underfull \hbox (badness 10000) detected at line 1555
[][][]
 []


Underfull \hbox (badness 10000) detected at line 1557
 [][]
 []


Underfull \hbox (badness 10000) detected at line 1557
[][][]
 []


Underfull \hbox (badness 10000) detected at line 1559
 [][]
 []


Underfull \hbox (badness 10000) detected at line 1559
[][][]
 []


Underfull \hbox (badness 10000) detected at line 1561
 [][]
 []


Underfull \hbox (badness 10000) detected at line 1561
[][][]
 []


Underfull \hbox (badness 10000) detected at line 1563
 [][]
 []


Underfull \hbox (badness 10000) detected at line 1563
[][][]
 []


Underfull \hbox (badness 10000) detected at line 1565
 [][]
 []


Underfull \hbox (badness 10000) detected at line 1565
[][][]
 []


Underfull \hbox (badness 10000) detected at line 1567
 [][]
 []


Underfull \hbox (badness 10000) detected at line 1567
[][][]
 []


Underfull \hbox (badness 10000) detected at line 1569
 [][]
 []


Underfull \hbox (badness 10000) detected at line 1569
[][][]
 []


Underfull \hbox (badness 10000) detected at line 1571
 [][]
 []


Underfull \hbox (badness 10000) detected at line 1571
[][][]
 []

[90]
Underfull \hbox (badness 10000) detected at line 1573
 [][]
 []


Underfull \hbox (badness 10000) detected at line 1573
[][][]
 []

[91]
File: imagenes/F_18.png Graphic file (type bmp)
<imagenes/F_18.png>
[92]
File: imagenes/F_19.png Graphic file (type bmp)
<imagenes/F_19.png>
File: imagenes/F_20.png Graphic file (type bmp)
<imagenes/F_20.png>
[93] [94] [95] [96] [97] [98] [99] [100]
File: Libro-Conceptual_files/figure-latex/fig21-1.pdf Graphic file (type pdf)
<use Libro-Conceptual_files/figure-latex/fig21-1.pdf>
[101]

LaTeX Warning: Reference `fig:fig23' on page cii undefined on input line 1753.

File: Libro-Conceptual_files/figure-latex/fig22-1.pdf Graphic file (type pdf)
<use Libro-Conceptual_files/figure-latex/fig22-1.pdf>

LaTeX Warning: Reference `fig:fig23' on page cii undefined on input line 1761.

[102]

LaTeX Warning: Reference `fig:fig23' on page ciii undefined on input line 1763.


[103]
File: Libro-Conceptual_files/figure-latex/fig 23-1.pdf Graphic file (type pdf)
<use Libro-Conceptual_files/figure-latex/fig 23-1.pdf>

Overfull \hbox (34.60573pt too wide) in paragraph at lines 1767--1768
 [][][][] 
 []

[104]
Overfull \hbox (27.4411pt too wide) in paragraph at lines 1778--1778
|  
 []

[105] [106]
File: imagenes/F_24.png Graphic file (type bmp)
<imagenes/F_24.png>
[107]
File: Libro-Conceptual_files/figure-latex/fig25-1.pdf Graphic file (type pdf)
<use Libro-Conceptual_files/figure-latex/fig25-1.pdf>
File: imagenes/F_26.png Graphic file (type bmp)
<imagenes/F_26.png>

LaTeX Warning: Reference `fig:fig27' on page cviii undefined on input line 1833
.


LaTeX Warning: Reference `fig:fig27' on page cviii undefined on input line 1833
.

LaTeX Font Info:    Font shape `TU/Palatino(0)/bx/n' will be
(Font)              scaled to size 8.23233pt on input line 1833.

LaTeX Warning: Reference `fig:fig27' on page cviii undefined on input line 1833
.

[108]
File: Libro-Conceptual_files/figure-latex/fig 27-1.pdf Graphic file (type pdf)
<use Libro-Conceptual_files/figure-latex/fig 27-1.pdf>

Overfull \hbox (34.60573pt too wide) in paragraph at lines 1837--1838
 [][][][] 
 []

[109]
File: Libro-Conceptual_files/figure-latex/fig28-1.pdf Graphic file (type pdf)
<use Libro-Conceptual_files/figure-latex/fig28-1.pdf>
[110]
File: Libro-Conceptual_files/figure-latex/fig29-1.pdf Graphic file (type pdf)
<use Libro-Conceptual_files/figure-latex/fig29-1.pdf>
[111]
File: Libro-Conceptual_files/figure-latex/fig30-1.pdf Graphic file (type pdf)
<use Libro-Conceptual_files/figure-latex/fig30-1.pdf>
[112]
File: Libro-Conceptual_files/figure-latex/fig31-1.pdf Graphic file (type pdf)
<use Libro-Conceptual_files/figure-latex/fig31-1.pdf>
[113] [114]
File: Libro-Conceptual_files/figure-latex/fig32-1.pdf Graphic file (type pdf)
<use Libro-Conceptual_files/figure-latex/fig32-1.pdf>
[115] [116] [117] [118]
Underfull \hbox (badness 7308) in paragraph at lines 1927--1927
[][][]\TU/Palatino(0)/m/n/9 Ver revista Estadísticas e Indicadores, 2017, en []
[]$[][][][] [] [] [] [][][][][][][][][][][][] [] [][][][] [] [][][] [] [][] [] 
[][][][][][][][][] [] [][][][] [] [][][][][][] []
 []

[119]
Underfull \hbox (badness 10000) in paragraph at lines 1937--1937
[][][]\TU/Palatino(0)/m/n/9 Ver \TU/Palatino(0)/m/it/9 UN Medellín\TU/Palatino(
0)/m/n/9 , Gestor de información, en [][]$[][][][] [] [] [] [][][][][][][][][][
] [] [][][][][][][][] [] [][][][] [] [][][] [] [][] [] [][][][][][][][][][][][]
 []
 []

[120]
File: imagenes/F_33.png Graphic file (type bmp)
<imagenes/F_33.png>
[121] [122]
Overfull \hbox (27.4411pt too wide) in paragraph at lines 1999--1999
|  
 []

[123] [124] [125] [126] [127]
LaTeX Font Info:    Font shape `TU/Palatino(0)/m/n' will be
(Font)              scaled to size 5.03087pt on input line 2066.
File: imagenes/F_34.png Graphic file (type bmp)
<imagenes/F_34.png>
[128]
File: imagenes/F_35.png Graphic file (type bmp)
<imagenes/F_35.png>

Underfull \hbox (badness 1661) in paragraph at lines 2108--2108
[]\TU/Palatino(0)/bx/n/11 FIGURE 35: |\TU/Palatino(0)/m/n/11 Representación grá
fica de un indicador de acumulado. Fuente: adaptado de la Guía
 []

[129]
File: imagenes/F_36.png Graphic file (type bmp)
<imagenes/F_36.png>
[130]
File: imagenes/F_37.png Graphic file (type bmp)
<imagenes/F_37.png>
[131]
File: imagenes/F_38.png Graphic file (type bmp)
<imagenes/F_38.png>
[132]
File: imagenes/F_39.png Graphic file (type bmp)
<imagenes/F_39.png>
[133] [134] [135] [136] (./Libro-Conceptual.bbl [137]
Underfull \vbox (badness 10000) has occurred while \output is active []


Overfull \hbox (469.50502pt too wide) has occurred while \output is active
[]
 []


Underfull \vbox (badness 10000) has occurred while \output is active []


Overfull \hbox (469.50502pt too wide) has occurred while \output is active
[]
 []


Underfull \vbox (badness 10000) has occurred while \output is active []


Overfull \hbox (469.50502pt too wide) has occurred while \output is active
[]
 []


Underfull \vbox (badness 10000) has occurred while \output is active []


Overfull \hbox (469.50502pt too wide) has occurred while \output is active
[]
 []


Underfull \hbox (badness 10000) has occurred while \output is active
 [][][][] 
 []

[138

]
Underfull \vbox (badness 10000) detected at line 1
 []


Overfull \hbox (469.50502pt too wide) detected at line 1
[]
 []


Underfull \vbox (badness 10000) detected at line 1
 []


Overfull \hbox (469.50502pt too wide) detected at line 1
[]
 []


Underfull \vbox (badness 10000) detected at line 1
 []


Overfull \hbox (469.50502pt too wide) detected at line 1
[]
 []


Underfull \vbox (badness 10000) detected at line 1
 []


Overfull \hbox (469.50502pt too wide) detected at line 1
[]
 []


Underfull \hbox (badness 10000) detected at line 1
[]
 []


Underfull \hbox (badness 7832) in paragraph at lines 42--46
[]\TU/Palatino(0)/m/n/11 Departamento Administrativo de la Función Pública (201
8).  Manual Operativo Sistema de
 []


Underfull \hbox (badness 10000) has occurred while \output is active
 [][][][] 
 []

[139

]
Underfull \hbox (badness 2600) in paragraph at lines 116--121
[]\TU/Palatino(0)/m/n/11 Ministerio de Educación Nacional (2018).  Referentes d
e calidad: una propuesta para la evolu-
 []


Underfull \hbox (badness 1320) in paragraph at lines 116--121
\TU/Palatino(0)/m/n/11 ción del sistema de aseguramiento de la calidad.  [][]$[
][][][][] [] [] [] [][][] [] [][][][][][][][][][][][] [] [][][] [] [][] [] [][]
[][] []
 []

)
Package atveryend Info: Empty hook `BeforeClearDocument' on input line 2261.
[140]
Package atveryend Info: Empty hook `AfterLastShipout' on input line 2261.
(./Libro-Conceptual.aux)
Package atveryend Info: Empty hook `AtVeryEndDocument' on input line 2261.
Package atveryend Info: Executing hook `AtEndAfterFileList' on input line 2261.

Package rerunfilecheck Info: File `Libro-Conceptual.out' has not changed.
(rerunfilecheck)             Checksum: FD49571413806112864D36B8E5E8B42E.

LaTeX Warning: There were undefined references.

 ) 
Here is how much of TeX's memory you used:
 24998 strings out of 494894
 466356 string characters out of 6173843
 588673 words of memory out of 5000000
 28611 multiletter control sequences out of 15000+600000
 565311 words of font info for 102 fonts, out of 8000000 for 9000
 14 hyphenation exceptions out of 8191
 53i,9n,116p,2988b,459s stack positions out of 5000i,500n,10000p,200000b,80000s

Output written on Libro-Conceptual.pdf (140 pages).
